
*** Running vivado
    with args -log logic_gate_four.vds -m64 -product Vivado -mode batch -messageDb vivado.pb -notrace -source logic_gate_four.tcl



****** Vivado v2022.1 (64-bit)
  **** SW Build 3526262 on Mon Apr 18 15:48:16 MDT 2022
  **** IP Build 3524634 on Mon Apr 18 20:55:01 MDT 2022
    ** Copyright 1986-2022 Xilinx, Inc. All Rights Reserved.

source logic_gate_four.tcl -notrace
Command: read_checkpoint -auto_incremental -incremental E:/vivado/week5/project_05/project_05.srcs/utils_1/imports/synth_1/logic_gate_two.dcp
INFO: [Vivado 12-5825] Read reference checkpoint from E:/vivado/week5/project_05/project_05.srcs/utils_1/imports/synth_1/logic_gate_two.dcp for incremental synthesis
INFO: [Vivado 12-7989] Please ensure there are no constraint changes
Command: synth_design -top logic_gate_four -part xc7s75fgga484-1
Starting synth_design
Attempting to get a license for feature 'Synthesis' and/or device 'xc7s75'
INFO: [Common 17-349] Got license for feature 'Synthesis' and/or device 'xc7s75'
INFO: [Device 21-403] Loading part xc7s75fgga484-1
INFO: [Designutils 20-5440] No compile time benefit to using incremental synthesis; A full resynthesis will be run
INFO: [Designutils 20-4379] Flow is switching to default flow due to incremental criteria not met. If you would like to alter this behaviour and have the flow terminate instead, please set the following parameter config_implementation {autoIncr.Synth.RejectBehavior Terminate}
INFO: [Synth 8-7079] Multithreading enabled for synth_design using a maximum of 2 processes.
INFO: [Synth 8-7078] Launching helper process for spawning children vivado processes
INFO: [Synth 8-7075] Helper process launched with PID 21712
---------------------------------------------------------------------------------
Starting RTL Elaboration : Time (s): cpu = 00:00:06 ; elapsed = 00:00:06 . Memory (MB): peak = 1284.043 ; gain = 0.000
---------------------------------------------------------------------------------
INFO: [Synth 8-6157] synthesizing module 'logic_gate_four' [E:/vivado/week5/project_05/project_05.srcs/sources_1/new/logic_gate_four.v:23]
INFO: [Synth 8-6155] done synthesizing module 'logic_gate_four' (0#1) [E:/vivado/week5/project_05/project_05.srcs/sources_1/new/logic_gate_four.v:23]
---------------------------------------------------------------------------------
Finished RTL Elaboration : Time (s): cpu = 00:00:08 ; elapsed = 00:00:09 . Memory (MB): peak = 1284.043 ; gain = 0.000
---------------------------------------------------------------------------------
---------------------------------------------------------------------------------
Start Handling Custom Attributes
---------------------------------------------------------------------------------
---------------------------------------------------------------------------------
Finished Handling Custom Attributes : Time (s): cpu = 00:00:09 ; elapsed = 00:00:09 . Memory (MB): peak = 1284.043 ; gain = 0.000
---------------------------------------------------------------------------------
---------------------------------------------------------------------------------
Finished RTL Optimization Phase 1 : Time (s): cpu = 00:00:09 ; elapsed = 00:00:09 . Memory (MB): peak = 1284.043 ; gain = 0.000
---------------------------------------------------------------------------------
Netlist sorting complete. Time (s): cpu = 00:00:00 ; elapsed = 00:00:00.001 . Memory (MB): peak = 1284.043 ; gain = 0.000
INFO: [Project 1-570] Preparing netlist for logic optimization

Processing XDC Constraints
Initializing timing engine
Parsing XDC File [E:/vivado/week5/project_05/project_05.srcs/constrs_1/new/logic_gate_one.xdc]
WARNING: [Vivado 12-584] No ports matched 'D'. [E:/vivado/week5/project_05/project_05.srcs/constrs_1/new/logic_gate_one.xdc:1]
CRITICAL WARNING: [Common 17-55] 'set_property' expects at least one object. [E:/vivado/week5/project_05/project_05.srcs/constrs_1/new/logic_gate_one.xdc:1]
Resolution: If [get_<value>] was used to populate the object, check to make sure this command returns at least one valid object.
WARNING: [Vivado 12-584] No ports matched 'D'. [E:/vivado/week5/project_05/project_05.srcs/constrs_1/new/logic_gate_one.xdc:4]
CRITICAL WARNING: [Common 17-55] 'set_property' expects at least one object. [E:/vivado/week5/project_05/project_05.srcs/constrs_1/new/logic_gate_one.xdc:4]
Resolution: If [get_<value>] was used to populate the object, check to make sure this command returns at least one valid object.
WARNING: [Vivado 12-507] No nets matched 'clk_IBUF'. [E:/vivado/week5/project_05/project_05.srcs/constrs_1/new/logic_gate_one.xdc:7]
CRITICAL WARNING: [Common 17-55] 'set_property' expects at least one object. [E:/vivado/week5/project_05/project_05.srcs/constrs_1/new/logic_gate_one.xdc:7]
Resolution: If [get_<value>] was used to populate the object, check to make sure this command returns at least one valid object.
Finished Parsing XDC File [E:/vivado/week5/project_05/project_05.srcs/constrs_1/new/logic_gate_one.xdc]
INFO: [Project 1-236] Implementation specific constraints were found while reading constraint file [E:/vivado/week5/project_05/project_05.srcs/constrs_1/new/logic_gate_one.xdc]. These constraints will be ignored for synthesis but will be used in implementation. Impacted constraints are listed in the file [.Xil/logic_gate_four_propImpl.xdc].
Resolution: To avoid this warning, move constraints listed in [.Xil/logic_gate_four_propImpl.xdc] to another XDC file and exclude this new file from synthesis with the used_in_synthesis property (File Properties dialog in GUI) and re-run elaboration/synthesis.
Parsing XDC File [E:/vivado/week5/project_05/project_05.srcs/constrs_1/new/logic_gate_two.xdc]
WARNING: [Vivado 12-584] No ports matched 'J'. [E:/vivado/week5/project_05/project_05.srcs/constrs_1/new/logic_gate_two.xdc:1]
CRITICAL WARNING: [Common 17-55] 'set_property' expects at least one object. [E:/vivado/week5/project_05/project_05.srcs/constrs_1/new/logic_gate_two.xdc:1]
Resolution: If [get_<value>] was used to populate the object, check to make sure this command returns at least one valid object.
WARNING: [Vivado 12-584] No ports matched 'K'. [E:/vivado/week5/project_05/project_05.srcs/constrs_1/new/logic_gate_two.xdc:2]
CRITICAL WARNING: [Common 17-55] 'set_property' expects at least one object. [E:/vivado/week5/project_05/project_05.srcs/constrs_1/new/logic_gate_two.xdc:2]
Resolution: If [get_<value>] was used to populate the object, check to make sure this command returns at least one valid object.
WARNING: [Vivado 12-584] No ports matched 'J'. [E:/vivado/week5/project_05/project_05.srcs/constrs_1/new/logic_gate_two.xdc:5]
CRITICAL WARNING: [Common 17-55] 'set_property' expects at least one object. [E:/vivado/week5/project_05/project_05.srcs/constrs_1/new/logic_gate_two.xdc:5]
Resolution: If [get_<value>] was used to populate the object, check to make sure this command returns at least one valid object.
WARNING: [Vivado 12-584] No ports matched 'K'. [E:/vivado/week5/project_05/project_05.srcs/constrs_1/new/logic_gate_two.xdc:6]
CRITICAL WARNING: [Common 17-55] 'set_property' expects at least one object. [E:/vivado/week5/project_05/project_05.srcs/constrs_1/new/logic_gate_two.xdc:6]
Resolution: If [get_<value>] was used to populate the object, check to make sure this command returns at least one valid object.
WARNING: [Vivado 12-507] No nets matched 'clk_IBUF'. [E:/vivado/week5/project_05/project_05.srcs/constrs_1/new/logic_gate_two.xdc:9]
CRITICAL WARNING: [Common 17-55] 'set_property' expects at least one object. [E:/vivado/week5/project_05/project_05.srcs/constrs_1/new/logic_gate_two.xdc:9]
Resolution: If [get_<value>] was used to populate the object, check to make sure this command returns at least one valid object.
Finished Parsing XDC File [E:/vivado/week5/project_05/project_05.srcs/constrs_1/new/logic_gate_two.xdc]
INFO: [Project 1-236] Implementation specific constraints were found while reading constraint file [E:/vivado/week5/project_05/project_05.srcs/constrs_1/new/logic_gate_two.xdc]. These constraints will be ignored for synthesis but will be used in implementation. Impacted constraints are listed in the file [.Xil/logic_gate_four_propImpl.xdc].
Resolution: To avoid this warning, move constraints listed in [.Xil/logic_gate_four_propImpl.xdc] to another XDC file and exclude this new file from synthesis with the used_in_synthesis property (File Properties dialog in GUI) and re-run elaboration/synthesis.
Parsing XDC File [E:/vivado/week5/project_05/project_05.srcs/constrs_1/new/logic_gate_three.xdc]
WARNING: [Vivado 12-507] No nets matched 'clk_IBUF'. [E:/vivado/week5/project_05/project_05.srcs/constrs_1/new/logic_gate_three.xdc:9]
CRITICAL WARNING: [Common 17-55] 'set_property' expects at least one object. [E:/vivado/week5/project_05/project_05.srcs/constrs_1/new/logic_gate_three.xdc:9]
Resolution: If [get_<value>] was used to populate the object, check to make sure this command returns at least one valid object.
Finished Parsing XDC File [E:/vivado/week5/project_05/project_05.srcs/constrs_1/new/logic_gate_three.xdc]
INFO: [Project 1-236] Implementation specific constraints were found while reading constraint file [E:/vivado/week5/project_05/project_05.srcs/constrs_1/new/logic_gate_three.xdc]. These constraints will be ignored for synthesis but will be used in implementation. Impacted constraints are listed in the file [.Xil/logic_gate_four_propImpl.xdc].
Resolution: To avoid this warning, move constraints listed in [.Xil/logic_gate_four_propImpl.xdc] to another XDC file and exclude this new file from synthesis with the used_in_synthesis property (File Properties dialog in GUI) and re-run elaboration/synthesis.
Parsing XDC File [E:/vivado/week5/project_05/project_05.srcs/constrs_1/new/logic_gate_four.xdc]
WARNING: [Vivado 12-507] No nets matched 'clk_IBUF'. [E:/vivado/week5/project_05/project_05.srcs/constrs_1/new/logic_gate_four.xdc:9]
CRITICAL WARNING: [Common 17-55] 'set_property' expects at least one object. [E:/vivado/week5/project_05/project_05.srcs/constrs_1/new/logic_gate_four.xdc:9]
Resolution: If [get_<value>] was used to populate the object, check to make sure this command returns at least one valid object.
Finished Parsing XDC File [E:/vivado/week5/project_05/project_05.srcs/constrs_1/new/logic_gate_four.xdc]
INFO: [Project 1-236] Implementation specific constraints were found while reading constraint file [E:/vivado/week5/project_05/project_05.srcs/constrs_1/new/logic_gate_four.xdc]. These constraints will be ignored for synthesis but will be used in implementation. Impacted constraints are listed in the file [.Xil/logic_gate_four_propImpl.xdc].
Resolution: To avoid this warning, move constraints listed in [.Xil/logic_gate_four_propImpl.xdc] to another XDC file and exclude this new file from synthesis with the used_in_synthesis property (File Properties dialog in GUI) and re-run elaboration/synthesis.
Completed Processing XDC Constraints

Netlist sorting complete. Time (s): cpu = 00:00:00 ; elapsed = 00:00:00.001 . Memory (MB): peak = 1284.043 ; gain = 0.000
INFO: [Project 1-111] Unisim Transformation Summary:
No Unisim elements were transformed.

Constraint Validation Runtime : Time (s): cpu = 00:00:00 ; elapsed = 00:00:00.006 . Memory (MB): peak = 1284.043 ; gain = 0.000
INFO: [Designutils 20-5440] No compile time benefit to using incremental synthesis; A full resynthesis will be run
INFO: [Designutils 20-4379] Flow is switching to default flow due to incremental criteria not met. If you would like to alter this behaviour and have the flow terminate instead, please set the following parameter config_implementation {autoIncr.Synth.RejectBehavior Terminate}
---------------------------------------------------------------------------------
Finished Constraint Validation : Time (s): cpu = 00:00:19 ; elapsed = 00:00:20 . Memory (MB): peak = 1284.043 ; gain = 0.000
---------------------------------------------------------------------------------
---------------------------------------------------------------------------------
Start Loading Part and Timing Information
---------------------------------------------------------------------------------
Loading part: xc7s75fgga484-1
---------------------------------------------------------------------------------
Finished Loading Part and Timing Information : Time (s): cpu = 00:00:19 ; elapsed = 00:00:20 . Memory (MB): peak = 1284.043 ; gain = 0.000
---------------------------------------------------------------------------------
---------------------------------------------------------------------------------
Start Applying 'set_property' XDC Constraints
---------------------------------------------------------------------------------
---------------------------------------------------------------------------------
Finished applying 'set_property' XDC Constraints : Time (s): cpu = 00:00:19 ; elapsed = 00:00:20 . Memory (MB): peak = 1284.043 ; gain = 0.000
---------------------------------------------------------------------------------
---------------------------------------------------------------------------------
Finished RTL Optimization Phase 2 : Time (s): cpu = 00:00:19 ; elapsed = 00:00:21 . Memory (MB): peak = 1284.043 ; gain = 0.000
---------------------------------------------------------------------------------
---------------------------------------------------------------------------------
Start RTL Component Statistics 
---------------------------------------------------------------------------------
Detailed RTL Component Info : 
+---Registers : 
	                1 Bit    Registers := 3     
---------------------------------------------------------------------------------
Finished RTL Component Statistics 
---------------------------------------------------------------------------------
---------------------------------------------------------------------------------
Start Part Resource Summary
---------------------------------------------------------------------------------
Part Resources:
DSPs: 140 (col length:80)
BRAMs: 180 (col length: RAMB18 80 RAMB36 40)
---------------------------------------------------------------------------------
Finished Part Resource Summary
---------------------------------------------------------------------------------
---------------------------------------------------------------------------------
Start Cross Boundary and Area Optimization
---------------------------------------------------------------------------------
WARNING: [Synth 8-7080] Parallel synthesis criteria is not met
---------------------------------------------------------------------------------
Finished Cross Boundary and Area Optimization : Time (s): cpu = 00:00:22 ; elapsed = 00:00:23 . Memory (MB): peak = 1284.043 ; gain = 0.000
---------------------------------------------------------------------------------
---------------------------------------------------------------------------------
Start Applying XDC Timing Constraints
---------------------------------------------------------------------------------
---------------------------------------------------------------------------------
Finished Applying XDC Timing Constraints : Time (s): cpu = 00:00:27 ; elapsed = 00:00:29 . Memory (MB): peak = 1284.043 ; gain = 0.000
---------------------------------------------------------------------------------
---------------------------------------------------------------------------------
Start Timing Optimization
---------------------------------------------------------------------------------
---------------------------------------------------------------------------------
Finished Timing Optimization : Time (s): cpu = 00:00:27 ; elapsed = 00:00:29 . Memory (MB): peak = 1284.043 ; gain = 0.000
---------------------------------------------------------------------------------
---------------------------------------------------------------------------------
Start Technology Mapping
---------------------------------------------------------------------------------
---------------------------------------------------------------------------------
Finished Technology Mapping : Time (s): cpu = 00:00:27 ; elapsed = 00:00:30 . Memory (MB): peak = 1284.043 ; gain = 0.000
---------------------------------------------------------------------------------
---------------------------------------------------------------------------------
Start IO Insertion
---------------------------------------------------------------------------------
---------------------------------------------------------------------------------
Start Flattening Before IO Insertion
---------------------------------------------------------------------------------
---------------------------------------------------------------------------------
Finished Flattening Before IO Insertion
---------------------------------------------------------------------------------
---------------------------------------------------------------------------------
Start Final Netlist Cleanup
---------------------------------------------------------------------------------
---------------------------------------------------------------------------------
Finished Final Netlist Cleanup
---------------------------------------------------------------------------------
---------------------------------------------------------------------------------
Finished IO Insertion : Time (s): cpu = 00:00:33 ; elapsed = 00:00:35 . Memory (MB): peak = 1284.043 ; gain = 0.000
---------------------------------------------------------------------------------
---------------------------------------------------------------------------------
Start Renaming Generated Instances
---------------------------------------------------------------------------------
---------------------------------------------------------------------------------
Finished Renaming Generated Instances : Time (s): cpu = 00:00:33 ; elapsed = 00:00:35 . Memory (MB): peak = 1284.043 ; gain = 0.000
---------------------------------------------------------------------------------
---------------------------------------------------------------------------------
Start Rebuilding User Hierarchy
---------------------------------------------------------------------------------
---------------------------------------------------------------------------------
Finished Rebuilding User Hierarchy : Time (s): cpu = 00:00:33 ; elapsed = 00:00:35 . Memory (MB): peak = 1284.043 ; gain = 0.000
---------------------------------------------------------------------------------
---------------------------------------------------------------------------------
Start Renaming Generated Ports
---------------------------------------------------------------------------------
---------------------------------------------------------------------------------
Finished Renaming Generated Ports : Time (s): cpu = 00:00:33 ; elapsed = 00:00:35 . Memory (MB): peak = 1284.043 ; gain = 0.000
---------------------------------------------------------------------------------
---------------------------------------------------------------------------------
Start Handling Custom Attributes
---------------------------------------------------------------------------------
---------------------------------------------------------------------------------
Finished Handling Custom Attributes : Time (s): cpu = 00:00:33 ; elapsed = 00:00:35 . Memory (MB): peak = 1284.043 ; gain = 0.000
---------------------------------------------------------------------------------
---------------------------------------------------------------------------------
Start Renaming Generated Nets
---------------------------------------------------------------------------------
---------------------------------------------------------------------------------
Finished Renaming Generated Nets : Time (s): cpu = 00:00:33 ; elapsed = 00:00:35 . Memory (MB): peak = 1284.043 ; gain = 0.000
---------------------------------------------------------------------------------
---------------------------------------------------------------------------------
Start Writing Synthesis Report
---------------------------------------------------------------------------------

Report BlackBoxes: 
+-+--------------+----------+
| |BlackBox name |Instances |
+-+--------------+----------+
+-+--------------+----------+

Report Cell Usage: 
+------+-----+------+
|      |Cell |Count |
+------+-----+------+
|1     |BUFG |     1|
|2     |LUT1 |     1|
|3     |LUT2 |     2|
|4     |FDCE |     3|
|5     |IBUF |     3|
|6     |OBUF |     1|
+------+-----+------+
---------------------------------------------------------------------------------
Finished Writing Synthesis Report : Time (s): cpu = 00:00:33 ; elapsed = 00:00:35 . Memory (MB): peak = 1284.043 ; gain = 0.000
---------------------------------------------------------------------------------
Synthesis finished with 0 errors, 0 critical warnings and 1 warnings.
Synthesis Optimization Runtime : Time (s): cpu = 00:00:23 ; elapsed = 00:00:33 . Memory (MB): peak = 1284.043 ; gain = 0.000
Synthesis Optimization Complete : Time (s): cpu = 00:00:33 ; elapsed = 00:00:35 . Memory (MB): peak = 1284.043 ; gain = 0.000
INFO: [Project 1-571] Translating synthesized netlist
Netlist sorting complete. Time (s): cpu = 00:00:00 ; elapsed = 00:00:00.001 . Memory (MB): peak = 1284.043 ; gain = 0.000
INFO: [Project 1-570] Preparing netlist for logic optimization
INFO: [Opt 31-138] Pushed 0 inverter(s) to 0 load pin(s).
Netlist sorting complete. Time (s): cpu = 00:00:00 ; elapsed = 00:00:00.001 . Memory (MB): peak = 1287.703 ; gain = 0.000
INFO: [Project 1-111] Unisim Transformation Summary:
No Unisim elements were transformed.

Synth Design complete, checksum: 75c61754
INFO: [Common 17-83] Releasing license: Synthesis
24 Infos, 11 Warnings, 10 Critical Warnings and 0 Errors encountered.
synth_design completed successfully
synth_design: Time (s): cpu = 00:00:36 ; elapsed = 00:00:41 . Memory (MB): peak = 1287.703 ; gain = 3.660
INFO: [runtcl-6] Synthesis results are not added to the cache due to CRITICAL_WARNING
INFO: [Common 17-1381] The checkpoint 'E:/vivado/week5/project_05/project_05.runs/synth_1/logic_gate_four.dcp' has been generated.
INFO: [runtcl-4] Executing : report_utilization -file logic_gate_four_utilization_synth.rpt -pb logic_gate_four_utilization_synth.pb
INFO: [Common 17-206] Exiting Vivado at Mon Sep 30 14:34:30 2024...
