
*** Running vivado
    with args -log logic_gate.vds -m64 -product Vivado -mode batch -messageDb vivado.pb -notrace -source logic_gate.tcl



****** Vivado v2022.1 (64-bit)
  **** SW Build 3526262 on Mon Apr 18 15:48:16 MDT 2022
  **** IP Build 3524634 on Mon Apr 18 20:55:01 MDT 2022
    ** Copyright 1986-2022 Xilinx, Inc. All Rights Reserved.

source logic_gate.tcl -notrace
create_project: Time (s): cpu = 00:00:08 ; elapsed = 00:00:07 . Memory (MB): peak = 1294.738 ; gain = 23.910
Command: read_checkpoint -auto_incremental -incremental E:/vivado/week11/project_4/project_4.srcs/utils_1/imports/synth_1/logic_gate.dcp
INFO: [Vivado 12-5825] Read reference checkpoint from E:/vivado/week11/project_4/project_4.srcs/utils_1/imports/synth_1/logic_gate.dcp for incremental synthesis
INFO: [Vivado 12-7989] Please ensure there are no constraint changes
Command: synth_design -top logic_gate -part xc7s75fgga484-1
Starting synth_design
Attempting to get a license for feature 'Synthesis' and/or device 'xc7s75'
INFO: [Common 17-349] Got license for feature 'Synthesis' and/or device 'xc7s75'
INFO: [Device 21-403] Loading part xc7s75fgga484-1
INFO: [Designutils 20-5440] No compile time benefit to using incremental synthesis; A full resynthesis will be run
INFO: [Designutils 20-4379] Flow is switching to default flow due to incremental criteria not met. If you would like to alter this behaviour and have the flow terminate instead, please set the following parameter config_implementation {autoIncr.Synth.RejectBehavior Terminate}
INFO: [Synth 8-7079] Multithreading enabled for synth_design using a maximum of 2 processes.
INFO: [Synth 8-7078] Launching helper process for spawning children vivado processes
INFO: [Synth 8-7075] Helper process launched with PID 96424
---------------------------------------------------------------------------------
Starting RTL Elaboration : Time (s): cpu = 00:00:11 ; elapsed = 00:00:12 . Memory (MB): peak = 1294.738 ; gain = 0.000
---------------------------------------------------------------------------------
INFO: [Synth 8-6157] synthesizing module 'logic_gate' [E:/vivado/week11/project_4/project_4.srcs/sources_1/new/logic_gate.v:23]
INFO: [Synth 8-6157] synthesizing module 'oneshot_universal' [E:/vivado/week11/project_4/project_4.srcs/sources_1/new/oneshot_universal.v:22]
	Parameter WIDTH bound to: 13 - type: integer 
INFO: [Synth 8-6155] done synthesizing module 'oneshot_universal' (0#1) [E:/vivado/week11/project_4/project_4.srcs/sources_1/new/oneshot_universal.v:22]
INFO: [Synth 8-155] case statement is not full and has no default [E:/vivado/week11/project_4/project_4.srcs/sources_1/new/logic_gate.v:140]
INFO: [Synth 8-155] case statement is not full and has no default [E:/vivado/week11/project_4/project_4.srcs/sources_1/new/logic_gate.v:166]
INFO: [Synth 8-155] case statement is not full and has no default [E:/vivado/week11/project_4/project_4.srcs/sources_1/new/logic_gate.v:190]
INFO: [Synth 8-155] case statement is not full and has no default [E:/vivado/week11/project_4/project_4.srcs/sources_1/new/logic_gate.v:153]
INFO: [Synth 8-6155] done synthesizing module 'logic_gate' (0#1) [E:/vivado/week11/project_4/project_4.srcs/sources_1/new/logic_gate.v:23]
WARNING: [Synth 8-7137] Register LCD_DATA_reg in module logic_gate has both Set and reset with same priority. This may cause simulation mismatches. Consider rewriting code  [E:/vivado/week11/project_4/project_4.srcs/sources_1/new/logic_gate.v:150]
WARNING: [Synth 8-7137] Register LCD_RW_reg in module logic_gate has both Set and reset with same priority. This may cause simulation mismatches. Consider rewriting code  [E:/vivado/week11/project_4/project_4.srcs/sources_1/new/logic_gate.v:150]
WARNING: [Synth 8-7137] Register LCD_RS_reg in module logic_gate has both Set and reset with same priority. This may cause simulation mismatches. Consider rewriting code  [E:/vivado/week11/project_4/project_4.srcs/sources_1/new/logic_gate.v:150]
---------------------------------------------------------------------------------
Finished RTL Elaboration : Time (s): cpu = 00:00:16 ; elapsed = 00:00:17 . Memory (MB): peak = 1294.738 ; gain = 0.000
---------------------------------------------------------------------------------
---------------------------------------------------------------------------------
Start Handling Custom Attributes
---------------------------------------------------------------------------------
---------------------------------------------------------------------------------
Finished Handling Custom Attributes : Time (s): cpu = 00:00:17 ; elapsed = 00:00:17 . Memory (MB): peak = 1294.738 ; gain = 0.000
---------------------------------------------------------------------------------
---------------------------------------------------------------------------------
Finished RTL Optimization Phase 1 : Time (s): cpu = 00:00:17 ; elapsed = 00:00:17 . Memory (MB): peak = 1294.738 ; gain = 0.000
---------------------------------------------------------------------------------
Netlist sorting complete. Time (s): cpu = 00:00:00 ; elapsed = 00:00:00.013 . Memory (MB): peak = 1294.738 ; gain = 0.000
INFO: [Project 1-570] Preparing netlist for logic optimization

Processing XDC Constraints
Initializing timing engine
Parsing XDC File [E:/vivado/week11/project_4/project_4.srcs/constrs_1/new/logic_gate.xdc]
Finished Parsing XDC File [E:/vivado/week11/project_4/project_4.srcs/constrs_1/new/logic_gate.xdc]
INFO: [Project 1-236] Implementation specific constraints were found while reading constraint file [E:/vivado/week11/project_4/project_4.srcs/constrs_1/new/logic_gate.xdc]. These constraints will be ignored for synthesis but will be used in implementation. Impacted constraints are listed in the file [.Xil/logic_gate_propImpl.xdc].
Resolution: To avoid this warning, move constraints listed in [.Xil/logic_gate_propImpl.xdc] to another XDC file and exclude this new file from synthesis with the used_in_synthesis property (File Properties dialog in GUI) and re-run elaboration/synthesis.
Completed Processing XDC Constraints

Netlist sorting complete. Time (s): cpu = 00:00:00 ; elapsed = 00:00:00.001 . Memory (MB): peak = 1322.434 ; gain = 0.000
INFO: [Project 1-111] Unisim Transformation Summary:
No Unisim elements were transformed.

Constraint Validation Runtime : Time (s): cpu = 00:00:00 ; elapsed = 00:00:00.014 . Memory (MB): peak = 1322.434 ; gain = 0.000
INFO: [Designutils 20-5440] No compile time benefit to using incremental synthesis; A full resynthesis will be run
INFO: [Designutils 20-4379] Flow is switching to default flow due to incremental criteria not met. If you would like to alter this behaviour and have the flow terminate instead, please set the following parameter config_implementation {autoIncr.Synth.RejectBehavior Terminate}
---------------------------------------------------------------------------------
Finished Constraint Validation : Time (s): cpu = 00:00:33 ; elapsed = 00:00:35 . Memory (MB): peak = 1322.434 ; gain = 27.695
---------------------------------------------------------------------------------
---------------------------------------------------------------------------------
Start Loading Part and Timing Information
---------------------------------------------------------------------------------
Loading part: xc7s75fgga484-1
---------------------------------------------------------------------------------
Finished Loading Part and Timing Information : Time (s): cpu = 00:00:33 ; elapsed = 00:00:35 . Memory (MB): peak = 1322.434 ; gain = 27.695
---------------------------------------------------------------------------------
---------------------------------------------------------------------------------
Start Applying 'set_property' XDC Constraints
---------------------------------------------------------------------------------
---------------------------------------------------------------------------------
Finished applying 'set_property' XDC Constraints : Time (s): cpu = 00:00:33 ; elapsed = 00:00:35 . Memory (MB): peak = 1322.434 ; gain = 27.695
---------------------------------------------------------------------------------
---------------------------------------------------------------------------------
Finished RTL Optimization Phase 2 : Time (s): cpu = 00:00:34 ; elapsed = 00:00:36 . Memory (MB): peak = 1322.434 ; gain = 27.695
---------------------------------------------------------------------------------
---------------------------------------------------------------------------------
Start RTL Component Statistics 
---------------------------------------------------------------------------------
Detailed RTL Component Info : 
+---Adders : 
	   2 Input    8 Bit       Adders := 1     
	   2 Input    4 Bit       Adders := 3     
+---Registers : 
	               13 Bit    Registers := 2     
	                8 Bit    Registers := 3     
	                4 Bit    Registers := 1     
	                3 Bit    Registers := 1     
	                1 Bit    Registers := 2     
+---Muxes : 
	   2 Input    8 Bit        Muxes := 9     
	   8 Input    8 Bit        Muxes := 4     
	   6 Input    8 Bit        Muxes := 1     
	  11 Input    8 Bit        Muxes := 1     
	   3 Input    4 Bit        Muxes := 1     
	   2 Input    4 Bit        Muxes := 1     
	   2 Input    3 Bit        Muxes := 4     
	   4 Input    3 Bit        Muxes := 1     
	   2 Input    2 Bit        Muxes := 2     
	   8 Input    1 Bit        Muxes := 8     
	   2 Input    1 Bit        Muxes := 11    
	   3 Input    1 Bit        Muxes := 1     
	  11 Input    1 Bit        Muxes := 3     
---------------------------------------------------------------------------------
Finished RTL Component Statistics 
---------------------------------------------------------------------------------
---------------------------------------------------------------------------------
Start Part Resource Summary
---------------------------------------------------------------------------------
Part Resources:
DSPs: 140 (col length:80)
BRAMs: 180 (col length: RAMB18 80 RAMB36 40)
---------------------------------------------------------------------------------
Finished Part Resource Summary
---------------------------------------------------------------------------------
---------------------------------------------------------------------------------
Start Cross Boundary and Area Optimization
---------------------------------------------------------------------------------
WARNING: [Synth 8-7080] Parallel synthesis criteria is not met
WARNING: [Synth 8-3332] Sequential element (LCD_DATA_reg[0]_LDC) is unused and will be removed from module logic_gate.
WARNING: [Synth 8-3332] Sequential element (LCD_DATA_reg[0]_C) is unused and will be removed from module logic_gate.
---------------------------------------------------------------------------------
Finished Cross Boundary and Area Optimization : Time (s): cpu = 00:00:40 ; elapsed = 00:00:43 . Memory (MB): peak = 1322.434 ; gain = 27.695
---------------------------------------------------------------------------------
---------------------------------------------------------------------------------
Start Applying XDC Timing Constraints
---------------------------------------------------------------------------------
---------------------------------------------------------------------------------
Finished Applying XDC Timing Constraints : Time (s): cpu = 00:00:52 ; elapsed = 00:00:55 . Memory (MB): peak = 1322.434 ; gain = 27.695
---------------------------------------------------------------------------------
---------------------------------------------------------------------------------
Start Timing Optimization
---------------------------------------------------------------------------------
---------------------------------------------------------------------------------
Finished Timing Optimization : Time (s): cpu = 00:00:52 ; elapsed = 00:00:55 . Memory (MB): peak = 1322.434 ; gain = 27.695
---------------------------------------------------------------------------------
---------------------------------------------------------------------------------
Start Technology Mapping
---------------------------------------------------------------------------------
WARNING: [Synth 8-3332] Sequential element (LCD_DATA_reg[7]_LDC) is unused and will be removed from module logic_gate.
WARNING: [Synth 8-3332] Sequential element (LCD_DATA_reg[7]_P) is unused and will be removed from module logic_gate.
WARNING: [Synth 8-3332] Sequential element (LCD_DATA_reg[6]_LDC) is unused and will be removed from module logic_gate.
WARNING: [Synth 8-3332] Sequential element (LCD_DATA_reg[6]_P) is unused and will be removed from module logic_gate.
WARNING: [Synth 8-3332] Sequential element (LCD_DATA_reg[5]_LDC) is unused and will be removed from module logic_gate.
WARNING: [Synth 8-3332] Sequential element (LCD_DATA_reg[5]_P) is unused and will be removed from module logic_gate.
WARNING: [Synth 8-3332] Sequential element (LCD_DATA_reg[4]_LDC) is unused and will be removed from module logic_gate.
WARNING: [Synth 8-3332] Sequential element (LCD_DATA_reg[4]_P) is unused and will be removed from module logic_gate.
WARNING: [Synth 8-3332] Sequential element (LCD_DATA_reg[3]_LDC) is unused and will be removed from module logic_gate.
WARNING: [Synth 8-3332] Sequential element (LCD_DATA_reg[3]_P) is unused and will be removed from module logic_gate.
WARNING: [Synth 8-3332] Sequential element (LCD_DATA_reg[2]_LDC) is unused and will be removed from module logic_gate.
WARNING: [Synth 8-3332] Sequential element (LCD_DATA_reg[2]_P) is unused and will be removed from module logic_gate.
WARNING: [Synth 8-3332] Sequential element (LCD_DATA_reg[1]_LDC) is unused and will be removed from module logic_gate.
WARNING: [Synth 8-3332] Sequential element (LCD_DATA_reg[1]_P) is unused and will be removed from module logic_gate.
---------------------------------------------------------------------------------
Finished Technology Mapping : Time (s): cpu = 00:00:52 ; elapsed = 00:00:55 . Memory (MB): peak = 1322.434 ; gain = 27.695
---------------------------------------------------------------------------------
---------------------------------------------------------------------------------
Start IO Insertion
---------------------------------------------------------------------------------
---------------------------------------------------------------------------------
Start Flattening Before IO Insertion
---------------------------------------------------------------------------------
---------------------------------------------------------------------------------
Finished Flattening Before IO Insertion
---------------------------------------------------------------------------------
---------------------------------------------------------------------------------
Start Final Netlist Cleanup
---------------------------------------------------------------------------------
---------------------------------------------------------------------------------
Finished Final Netlist Cleanup
---------------------------------------------------------------------------------
---------------------------------------------------------------------------------
Finished IO Insertion : Time (s): cpu = 00:01:05 ; elapsed = 00:01:09 . Memory (MB): peak = 1322.434 ; gain = 27.695
---------------------------------------------------------------------------------
---------------------------------------------------------------------------------
Start Renaming Generated Instances
---------------------------------------------------------------------------------
---------------------------------------------------------------------------------
Finished Renaming Generated Instances : Time (s): cpu = 00:01:05 ; elapsed = 00:01:09 . Memory (MB): peak = 1322.434 ; gain = 27.695
---------------------------------------------------------------------------------
---------------------------------------------------------------------------------
Start Rebuilding User Hierarchy
---------------------------------------------------------------------------------
---------------------------------------------------------------------------------
Finished Rebuilding User Hierarchy : Time (s): cpu = 00:01:05 ; elapsed = 00:01:09 . Memory (MB): peak = 1322.434 ; gain = 27.695
---------------------------------------------------------------------------------
---------------------------------------------------------------------------------
Start Renaming Generated Ports
---------------------------------------------------------------------------------
---------------------------------------------------------------------------------
Finished Renaming Generated Ports : Time (s): cpu = 00:01:05 ; elapsed = 00:01:09 . Memory (MB): peak = 1322.434 ; gain = 27.695
---------------------------------------------------------------------------------
---------------------------------------------------------------------------------
Start Handling Custom Attributes
---------------------------------------------------------------------------------
---------------------------------------------------------------------------------
Finished Handling Custom Attributes : Time (s): cpu = 00:01:05 ; elapsed = 00:01:09 . Memory (MB): peak = 1322.434 ; gain = 27.695
---------------------------------------------------------------------------------
---------------------------------------------------------------------------------
Start Renaming Generated Nets
---------------------------------------------------------------------------------
---------------------------------------------------------------------------------
Finished Renaming Generated Nets : Time (s): cpu = 00:01:05 ; elapsed = 00:01:09 . Memory (MB): peak = 1322.434 ; gain = 27.695
---------------------------------------------------------------------------------
---------------------------------------------------------------------------------
Start Writing Synthesis Report
---------------------------------------------------------------------------------

Report BlackBoxes: 
+-+--------------+----------+
| |BlackBox name |Instances |
+-+--------------+----------+
+-+--------------+----------+

Report Cell Usage: 
+------+-----+------+
|      |Cell |Count |
+------+-----+------+
|1     |BUFG |     1|
|2     |LUT1 |     2|
|3     |LUT2 |    19|
|4     |LUT3 |    15|
|5     |LUT4 |    10|
|6     |LUT5 |    20|
|7     |LUT6 |    39|
|8     |FDCE |    54|
|9     |FDPE |     1|
|10    |IBUF |    15|
|11    |OBUF |    19|
+------+-----+------+
---------------------------------------------------------------------------------
Finished Writing Synthesis Report : Time (s): cpu = 00:01:05 ; elapsed = 00:01:09 . Memory (MB): peak = 1322.434 ; gain = 27.695
---------------------------------------------------------------------------------
Synthesis finished with 0 errors, 0 critical warnings and 17 warnings.
Synthesis Optimization Runtime : Time (s): cpu = 00:00:45 ; elapsed = 00:01:05 . Memory (MB): peak = 1322.434 ; gain = 0.000
Synthesis Optimization Complete : Time (s): cpu = 00:01:05 ; elapsed = 00:01:09 . Memory (MB): peak = 1322.434 ; gain = 27.695
INFO: [Project 1-571] Translating synthesized netlist
Netlist sorting complete. Time (s): cpu = 00:00:00 ; elapsed = 00:00:00.006 . Memory (MB): peak = 1322.434 ; gain = 0.000
INFO: [Project 1-570] Preparing netlist for logic optimization
INFO: [Opt 31-138] Pushed 0 inverter(s) to 0 load pin(s).
Netlist sorting complete. Time (s): cpu = 00:00:00 ; elapsed = 00:00:00 . Memory (MB): peak = 1322.434 ; gain = 0.000
INFO: [Project 1-111] Unisim Transformation Summary:
No Unisim elements were transformed.

Synth Design complete, checksum: ef01ada8
INFO: [Common 17-83] Releasing license: Synthesis
27 Infos, 20 Warnings, 0 Critical Warnings and 0 Errors encountered.
synth_design completed successfully
synth_design: Time (s): cpu = 00:01:14 ; elapsed = 00:01:20 . Memory (MB): peak = 1322.434 ; gain = 27.695
INFO: [Common 17-1381] The checkpoint 'E:/vivado/week11/project_4/project_4.runs/synth_1/logic_gate.dcp' has been generated.
INFO: [runtcl-4] Executing : report_utilization -file logic_gate_utilization_synth.rpt -pb logic_gate_utilization_synth.pb
INFO: [Common 17-206] Exiting Vivado at Mon Nov 11 00:28:27 2024...
