Copyright 1986-2022 Xilinx, Inc. All Rights Reserved.
---------------------------------------------------------------------------------------------------------------------------------------------------------------------------------------------------------------------------------------
| Tool Version : Vivado v.2022.1 (win64) Build 3526262 Mon Apr 18 15:48:16 MDT 2022
| Date         : Sat Oct 12 12:49:37 2024
| Host         : Neo_com running 64-bit major release  (build 9200)
| Command      : report_timing_summary -max_paths 10 -report_unconstrained -file logic_gate_two_timing_summary_routed.rpt -pb logic_gate_two_timing_summary_routed.pb -rpx logic_gate_two_timing_summary_routed.rpx -warn_on_violation
| Design       : logic_gate_two
| Device       : 7s75-fgga484
| Speed File   : -1  PRODUCTION 1.23 2018-06-13
---------------------------------------------------------------------------------------------------------------------------------------------------------------------------------------------------------------------------------------

Timing Summary Report

------------------------------------------------------------------------------------------------
| Timer Settings
| --------------
------------------------------------------------------------------------------------------------

  Enable Multi Corner Analysis               :  Yes
  Enable Pessimism Removal                   :  Yes
  Pessimism Removal Resolution               :  Nearest Common Node
  Enable Input Delay Default Clock           :  No
  Enable Preset / Clear Arcs                 :  No
  Disable Flight Delays                      :  No
  Ignore I/O Paths                           :  No
  Timing Early Launch at Borrowing Latches   :  No
  Borrow Time for Max Delay Exceptions       :  Yes
  Merge Timing Exceptions                    :  Yes

  Corner  Analyze    Analyze    
  Name    Max Paths  Min Paths  
  ------  ---------  ---------  
  Slow    Yes        Yes        
  Fast    Yes        Yes        


------------------------------------------------------------------------------------------------
| Report Methodology
| ------------------
------------------------------------------------------------------------------------------------

Rule       Severity          Description                  Violations  
---------  ----------------  ---------------------------  ----------  
TIMING-17  Critical Warning  Non-clocked sequential cell  27          

Note: This report is based on the most recent report_methodology run and may not be up-to-date. Run report_methodology on the current design for the latest report.



check_timing report

Table of Contents
-----------------
1. checking no_clock (27)
2. checking constant_clock (0)
3. checking pulse_width_clock (0)
4. checking unconstrained_internal_endpoints (58)
5. checking no_input_delay (2)
6. checking no_output_delay (15)
7. checking multiple_clock (0)
8. checking generated_clocks (0)
9. checking loops (0)
10. checking partial_input_delay (0)
11. checking partial_output_delay (0)
12. checking latch_loops (0)

1. checking no_clock (27)
-------------------------
 There are 27 register/latch pins with no clock driven by root clock pin: clk (HIGH)


2. checking constant_clock (0)
------------------------------
 There are 0 register/latch pins with constant_clock.


3. checking pulse_width_clock (0)
---------------------------------
 There are 0 register/latch pins which need pulse_width check


4. checking unconstrained_internal_endpoints (58)
-------------------------------------------------
 There are 58 pins that are not constrained for maximum delay. (HIGH)

 There are 0 pins that are not constrained for maximum delay due to constant clock.


5. checking no_input_delay (2)
------------------------------
 There are 2 input ports with no input delay specified. (HIGH)

 There are 0 input ports with no input delay but user has a false path constraint.


6. checking no_output_delay (15)
--------------------------------
 There are 15 ports with no output delay specified. (HIGH)

 There are 0 ports with no output delay but user has a false path constraint

 There are 0 ports with no output delay but with a timing clock defined on it or propagating through it


7. checking multiple_clock (0)
------------------------------
 There are 0 register/latch pins with multiple clocks.


8. checking generated_clocks (0)
--------------------------------
 There are 0 generated clocks that are not connected to a clock source.


9. checking loops (0)
---------------------
 There are 0 combinational loops in the design.


10. checking partial_input_delay (0)
------------------------------------
 There are 0 input ports with partial input delay specified.


11. checking partial_output_delay (0)
-------------------------------------
 There are 0 ports with partial output delay specified.


12. checking latch_loops (0)
----------------------------
 There are 0 combinational latch loops in the design through latch input



------------------------------------------------------------------------------------------------
| Design Timing Summary
| ---------------------
------------------------------------------------------------------------------------------------

    WNS(ns)      TNS(ns)  TNS Failing Endpoints  TNS Total Endpoints      WHS(ns)      THS(ns)  THS Failing Endpoints  THS Total Endpoints     WPWS(ns)     TPWS(ns)  TPWS Failing Endpoints  TPWS Total Endpoints  
    -------      -------  ---------------------  -------------------      -------      -------  ---------------------  -------------------     --------     --------  ----------------------  --------------------  
        inf        0.000                      0                   73          inf        0.000                      0                   73           NA           NA                      NA                    NA  


There are no user specified timing constraints.


------------------------------------------------------------------------------------------------
| Clock Summary
| -------------
------------------------------------------------------------------------------------------------


------------------------------------------------------------------------------------------------
| Intra Clock Table
| -----------------
------------------------------------------------------------------------------------------------

Clock             WNS(ns)      TNS(ns)  TNS Failing Endpoints  TNS Total Endpoints      WHS(ns)      THS(ns)  THS Failing Endpoints  THS Total Endpoints     WPWS(ns)     TPWS(ns)  TPWS Failing Endpoints  TPWS Total Endpoints  
-----             -------      -------  ---------------------  -------------------      -------      -------  ---------------------  -------------------     --------     --------  ----------------------  --------------------  


------------------------------------------------------------------------------------------------
| Inter Clock Table
| -----------------
------------------------------------------------------------------------------------------------

From Clock    To Clock          WNS(ns)      TNS(ns)  TNS Failing Endpoints  TNS Total Endpoints      WHS(ns)      THS(ns)  THS Failing Endpoints  THS Total Endpoints  
----------    --------          -------      -------  ---------------------  -------------------      -------      -------  ---------------------  -------------------  


------------------------------------------------------------------------------------------------
| Other Path Groups Table
| -----------------------
------------------------------------------------------------------------------------------------

Path Group    From Clock    To Clock          WNS(ns)      TNS(ns)  TNS Failing Endpoints  TNS Total Endpoints      WHS(ns)      THS(ns)  THS Failing Endpoints  THS Total Endpoints  
----------    ----------    --------          -------      -------  ---------------------  -------------------      -------      -------  ---------------------  -------------------  


------------------------------------------------------------------------------------------------
| User Ignored Path Table
| -----------------------
------------------------------------------------------------------------------------------------

Path Group    From Clock    To Clock    
----------    ----------    --------    


------------------------------------------------------------------------------------------------
| Unconstrained Path Table
| ------------------------
------------------------------------------------------------------------------------------------

Path Group    From Clock    To Clock    
----------    ----------    --------    
(none)                                    


------------------------------------------------------------------------------------------------
| Timing Details
| --------------
------------------------------------------------------------------------------------------------


--------------------------------------------------------------------------------------
Path Group:  (none)
From Clock:  
  To Clock:  

Max Delay            73 Endpoints
Min Delay            73 Endpoints
--------------------------------------------------------------------------------------


Max Delay Paths
--------------------------------------------------------------------------------------
Slack:                    inf
  Source:                 seg_sel_reg[1]/C
                            (rising edge-triggered cell FDPE)
  Destination:            seg_data[6]
                            (output port)
  Path Group:             (none)
  Path Type:              Max at Slow Process Corner
  Data Path Delay:        9.073ns  (logic 4.279ns (47.156%)  route 4.795ns (52.844%))
  Logic Levels:           4  (FDPE=1 LUT4=1 LUT6=1 OBUF=1)

    Location             Delay type                Incr(ns)  Path(ns)    Netlist Resource(s)
  -------------------------------------------------------------------    -------------------
    SLICE_X84Y143        FDPE                         0.000     0.000 r  seg_sel_reg[1]/C
    SLICE_X84Y143        FDPE (Prop_fdpe_C_Q)         0.518     0.518 r  seg_sel_reg[1]/Q
                         net (fo=5, routed)           0.853     1.371    U2/Q[1]
    SLICE_X85Y142        LUT4 (Prop_lut4_I3_O)        0.124     1.495 r  U2/seg_data_OBUF[7]_inst_i_2/O
                         net (fo=6, routed)           1.045     2.540    U2/seg_data_OBUF[7]_inst_i_2_n_0
    SLICE_X84Y143        LUT6 (Prop_lut6_I4_O)        0.124     2.664 r  U2/seg_data_OBUF[6]_inst_i_1/O
                         net (fo=1, routed)           2.896     5.561    seg_data_OBUF[6]
    F5                   OBUF (Prop_obuf_I_O)         3.513     9.073 r  seg_data_OBUF[6]_inst/O
                         net (fo=0)                   0.000     9.073    seg_data[6]
    F5                                                                r  seg_data[6] (OUT)
  -------------------------------------------------------------------    -------------------

Slack:                    inf
  Source:                 seg_sel_reg[5]/C
                            (rising edge-triggered cell FDPE)
  Destination:            seg_data[4]
                            (output port)
  Path Group:             (none)
  Path Type:              Max at Slow Process Corner
  Data Path Delay:        8.346ns  (logic 4.250ns (50.927%)  route 4.096ns (49.073%))
  Logic Levels:           4  (FDPE=1 LUT6=2 OBUF=1)

    Location             Delay type                Incr(ns)  Path(ns)    Netlist Resource(s)
  -------------------------------------------------------------------    -------------------
    SLICE_X85Y143        FDPE                         0.000     0.000 r  seg_sel_reg[5]/C
    SLICE_X85Y143        FDPE (Prop_fdpe_C_Q)         0.456     0.456 f  seg_sel_reg[5]/Q
                         net (fo=3, routed)           1.149     1.605    seg_sel_OBUF[5]
    SLICE_X85Y143        LUT6 (Prop_lut6_I1_O)        0.124     1.729 f  seg_data_OBUF[7]_inst_i_3/O
                         net (fo=7, routed)           0.698     2.427    U2/seg_data[7]
    SLICE_X85Y143        LUT6 (Prop_lut6_I0_O)        0.124     2.551 r  U2/seg_data_OBUF[4]_inst_i_1/O
                         net (fo=1, routed)           2.249     4.800    seg_data_OBUF[4]
    E4                   OBUF (Prop_obuf_I_O)         3.546     8.346 r  seg_data_OBUF[4]_inst/O
                         net (fo=0)                   0.000     8.346    seg_data[4]
    E4                                                                r  seg_data[4] (OUT)
  -------------------------------------------------------------------    -------------------

Slack:                    inf
  Source:                 seg_sel_reg[1]/C
                            (rising edge-triggered cell FDPE)
  Destination:            seg_data[7]
                            (output port)
  Path Group:             (none)
  Path Type:              Max at Slow Process Corner
  Data Path Delay:        8.290ns  (logic 4.320ns (52.112%)  route 3.970ns (47.888%))
  Logic Levels:           4  (FDPE=1 LUT4=1 LUT6=1 OBUF=1)

    Location             Delay type                Incr(ns)  Path(ns)    Netlist Resource(s)
  -------------------------------------------------------------------    -------------------
    SLICE_X84Y143        FDPE                         0.000     0.000 r  seg_sel_reg[1]/C
    SLICE_X84Y143        FDPE (Prop_fdpe_C_Q)         0.518     0.518 r  seg_sel_reg[1]/Q
                         net (fo=5, routed)           0.853     1.371    U2/Q[1]
    SLICE_X85Y142        LUT4 (Prop_lut4_I3_O)        0.124     1.495 r  U2/seg_data_OBUF[7]_inst_i_2/O
                         net (fo=6, routed)           0.851     2.347    U2/seg_data_OBUF[7]_inst_i_2_n_0
    SLICE_X85Y143        LUT6 (Prop_lut6_I0_O)        0.124     2.471 r  U2/seg_data_OBUF[7]_inst_i_1/O
                         net (fo=1, routed)           2.265     4.736    seg_data_OBUF[7]
    F1                   OBUF (Prop_obuf_I_O)         3.554     8.290 r  seg_data_OBUF[7]_inst/O
                         net (fo=0)                   0.000     8.290    seg_data[7]
    F1                                                                r  seg_data[7] (OUT)
  -------------------------------------------------------------------    -------------------

Slack:                    inf
  Source:                 seg_sel_reg[5]/C
                            (rising edge-triggered cell FDPE)
  Destination:            seg_data[2]
                            (output port)
  Path Group:             (none)
  Path Type:              Max at Slow Process Corner
  Data Path Delay:        8.204ns  (logic 4.242ns (51.708%)  route 3.962ns (48.292%))
  Logic Levels:           4  (FDPE=1 LUT6=2 OBUF=1)

    Location             Delay type                Incr(ns)  Path(ns)    Netlist Resource(s)
  -------------------------------------------------------------------    -------------------
    SLICE_X85Y143        FDPE                         0.000     0.000 r  seg_sel_reg[5]/C
    SLICE_X85Y143        FDPE (Prop_fdpe_C_Q)         0.456     0.456 f  seg_sel_reg[5]/Q
                         net (fo=3, routed)           1.149     1.605    seg_sel_OBUF[5]
    SLICE_X85Y143        LUT6 (Prop_lut6_I1_O)        0.124     1.729 f  seg_data_OBUF[7]_inst_i_3/O
                         net (fo=7, routed)           0.949     2.678    U2/seg_data[7]
    SLICE_X84Y143        LUT6 (Prop_lut6_I3_O)        0.124     2.802 r  U2/seg_data_OBUF[2]_inst_i_1/O
                         net (fo=1, routed)           1.864     4.666    seg_data_OBUF[2]
    J3                   OBUF (Prop_obuf_I_O)         3.538     8.204 r  seg_data_OBUF[2]_inst/O
                         net (fo=0)                   0.000     8.204    seg_data[2]
    J3                                                                r  seg_data[2] (OUT)
  -------------------------------------------------------------------    -------------------

Slack:                    inf
  Source:                 seg_sel_reg[1]/C
                            (rising edge-triggered cell FDPE)
  Destination:            seg_data[1]
                            (output port)
  Path Group:             (none)
  Path Type:              Max at Slow Process Corner
  Data Path Delay:        8.091ns  (logic 4.551ns (56.255%)  route 3.539ns (43.745%))
  Logic Levels:           4  (FDPE=1 LUT4=1 LUT6=1 OBUF=1)

    Location             Delay type                Incr(ns)  Path(ns)    Netlist Resource(s)
  -------------------------------------------------------------------    -------------------
    SLICE_X84Y143        FDPE                         0.000     0.000 r  seg_sel_reg[1]/C
    SLICE_X84Y143        FDPE (Prop_fdpe_C_Q)         0.518     0.518 f  seg_sel_reg[1]/Q
                         net (fo=5, routed)           0.853     1.371    U2/Q[1]
    SLICE_X85Y142        LUT4 (Prop_lut4_I1_O)        0.153     1.524 f  U2/seg_data_OBUF[1]_inst_i_2/O
                         net (fo=1, routed)           0.674     2.199    U2/seg_data_OBUF[1]_inst_i_2_n_0
    SLICE_X85Y142        LUT6 (Prop_lut6_I5_O)        0.327     2.526 r  U2/seg_data_OBUF[1]_inst_i_1/O
                         net (fo=1, routed)           2.012     4.537    seg_data_OBUF[1]
    J7                   OBUF (Prop_obuf_I_O)         3.553     8.091 r  seg_data_OBUF[1]_inst/O
                         net (fo=0)                   0.000     8.091    seg_data[1]
    J7                                                                r  seg_data[1] (OUT)
  -------------------------------------------------------------------    -------------------

Slack:                    inf
  Source:                 seg_sel_reg[5]/C
                            (rising edge-triggered cell FDPE)
  Destination:            seg_data[5]
                            (output port)
  Path Group:             (none)
  Path Type:              Max at Slow Process Corner
  Data Path Delay:        8.025ns  (logic 4.259ns (53.069%)  route 3.766ns (46.931%))
  Logic Levels:           4  (FDPE=1 LUT6=2 OBUF=1)

    Location             Delay type                Incr(ns)  Path(ns)    Netlist Resource(s)
  -------------------------------------------------------------------    -------------------
    SLICE_X85Y143        FDPE                         0.000     0.000 r  seg_sel_reg[5]/C
    SLICE_X85Y143        FDPE (Prop_fdpe_C_Q)         0.456     0.456 f  seg_sel_reg[5]/Q
                         net (fo=3, routed)           1.149     1.605    seg_sel_OBUF[5]
    SLICE_X85Y143        LUT6 (Prop_lut6_I1_O)        0.124     1.729 f  seg_data_OBUF[7]_inst_i_3/O
                         net (fo=7, routed)           0.700     2.429    U2/seg_data[7]
    SLICE_X85Y143        LUT6 (Prop_lut6_I4_O)        0.124     2.553 r  U2/seg_data_OBUF[5]_inst_i_1/O
                         net (fo=1, routed)           1.917     4.470    seg_data_OBUF[5]
    E2                   OBUF (Prop_obuf_I_O)         3.555     8.025 r  seg_data_OBUF[5]_inst/O
                         net (fo=0)                   0.000     8.025    seg_data[5]
    E2                                                                r  seg_data[5] (OUT)
  -------------------------------------------------------------------    -------------------

Slack:                    inf
  Source:                 seg_sel_reg[5]/C
                            (rising edge-triggered cell FDPE)
  Destination:            seg_data[3]
                            (output port)
  Path Group:             (none)
  Path Type:              Max at Slow Process Corner
  Data Path Delay:        7.859ns  (logic 4.244ns (54.000%)  route 3.615ns (46.000%))
  Logic Levels:           4  (FDPE=1 LUT6=2 OBUF=1)

    Location             Delay type                Incr(ns)  Path(ns)    Netlist Resource(s)
  -------------------------------------------------------------------    -------------------
    SLICE_X85Y143        FDPE                         0.000     0.000 r  seg_sel_reg[5]/C
    SLICE_X85Y143        FDPE (Prop_fdpe_C_Q)         0.456     0.456 f  seg_sel_reg[5]/Q
                         net (fo=3, routed)           1.149     1.605    seg_sel_OBUF[5]
    SLICE_X85Y143        LUT6 (Prop_lut6_I1_O)        0.124     1.729 f  seg_data_OBUF[7]_inst_i_3/O
                         net (fo=7, routed)           0.941     2.670    U2/seg_data[7]
    SLICE_X84Y143        LUT6 (Prop_lut6_I4_O)        0.124     2.794 r  U2/seg_data_OBUF[3]_inst_i_1/O
                         net (fo=1, routed)           1.525     4.319    seg_data_OBUF[3]
    J1                   OBUF (Prop_obuf_I_O)         3.540     7.859 r  seg_data_OBUF[3]_inst/O
                         net (fo=0)                   0.000     7.859    seg_data[3]
    J1                                                                r  seg_data[3] (OUT)
  -------------------------------------------------------------------    -------------------

Slack:                    inf
  Source:                 seg_sel_reg[4]_lopt_replica/C
                            (rising edge-triggered cell FDPE)
  Destination:            seg_sel[4]
                            (output port)
  Path Group:             (none)
  Path Type:              Max at Slow Process Corner
  Data Path Delay:        6.229ns  (logic 3.979ns (63.880%)  route 2.250ns (36.120%))
  Logic Levels:           2  (FDPE=1 OBUF=1)

    Location             Delay type                Incr(ns)  Path(ns)    Netlist Resource(s)
  -------------------------------------------------------------------    -------------------
    SLICE_X85Y144        FDPE                         0.000     0.000 r  seg_sel_reg[4]_lopt_replica/C
    SLICE_X85Y144        FDPE (Prop_fdpe_C_Q)         0.456     0.456 r  seg_sel_reg[4]_lopt_replica/Q
                         net (fo=1, routed)           2.250     2.706    seg_sel_reg[4]_lopt_replica_1
    G3                   OBUF (Prop_obuf_I_O)         3.523     6.229 r  seg_sel_OBUF[4]_inst/O
                         net (fo=0)                   0.000     6.229    seg_sel[4]
    G3                                                                r  seg_sel[4] (OUT)
  -------------------------------------------------------------------    -------------------

Slack:                    inf
  Source:                 seg_sel_reg[2]_lopt_replica/C
                            (rising edge-triggered cell FDPE)
  Destination:            seg_sel[2]
                            (output port)
  Path Group:             (none)
  Path Type:              Max at Slow Process Corner
  Data Path Delay:        6.153ns  (logic 3.999ns (64.997%)  route 2.154ns (35.003%))
  Logic Levels:           2  (FDPE=1 OBUF=1)

    Location             Delay type                Incr(ns)  Path(ns)    Netlist Resource(s)
  -------------------------------------------------------------------    -------------------
    SLICE_X85Y136        FDPE                         0.000     0.000 r  seg_sel_reg[2]_lopt_replica/C
    SLICE_X85Y136        FDPE (Prop_fdpe_C_Q)         0.456     0.456 r  seg_sel_reg[2]_lopt_replica/Q
                         net (fo=1, routed)           2.154     2.610    seg_sel_reg[2]_lopt_replica_1
    K1                   OBUF (Prop_obuf_I_O)         3.543     6.153 r  seg_sel_OBUF[2]_inst/O
                         net (fo=0)                   0.000     6.153    seg_sel[2]
    K1                                                                r  seg_sel[2] (OUT)
  -------------------------------------------------------------------    -------------------

Slack:                    inf
  Source:                 seg_sel_reg[5]_lopt_replica/C
                            (rising edge-triggered cell FDPE)
  Destination:            seg_sel[5]
                            (output port)
  Path Group:             (none)
  Path Type:              Max at Slow Process Corner
  Data Path Delay:        5.912ns  (logic 4.000ns (67.659%)  route 1.912ns (32.341%))
  Logic Levels:           2  (FDPE=1 OBUF=1)

    Location             Delay type                Incr(ns)  Path(ns)    Netlist Resource(s)
  -------------------------------------------------------------------    -------------------
    SLICE_X85Y144        FDPE                         0.000     0.000 r  seg_sel_reg[5]_lopt_replica/C
    SLICE_X85Y144        FDPE (Prop_fdpe_C_Q)         0.456     0.456 r  seg_sel_reg[5]_lopt_replica/Q
                         net (fo=1, routed)           1.912     2.368    seg_sel_reg[5]_lopt_replica_1
    G1                   OBUF (Prop_obuf_I_O)         3.544     5.912 r  seg_sel_OBUF[5]_inst/O
                         net (fo=0)                   0.000     5.912    seg_sel[5]
    G1                                                                r  seg_sel[5] (OUT)
  -------------------------------------------------------------------    -------------------





Min Delay Paths
--------------------------------------------------------------------------------------
Slack:                    inf
  Source:                 seg_sel_reg[6]/C
                            (rising edge-triggered cell FDPE)
  Destination:            seg_sel_reg[7]_lopt_replica/D
  Path Group:             (none)
  Path Type:              Min at Fast Process Corner
  Data Path Delay:        0.265ns  (logic 0.141ns (53.167%)  route 0.124ns (46.833%))
  Logic Levels:           1  (FDPE=1)

    Location             Delay type                Incr(ns)  Path(ns)    Netlist Resource(s)
  -------------------------------------------------------------------    -------------------
    SLICE_X85Y143        FDPE                         0.000     0.000 r  seg_sel_reg[6]/C
    SLICE_X85Y143        FDPE (Prop_fdpe_C_Q)         0.141     0.141 r  seg_sel_reg[6]/Q
                         net (fo=3, routed)           0.124     0.265    seg_sel_OBUF[6]
    SLICE_X85Y144        FDPE                                         r  seg_sel_reg[7]_lopt_replica/D
  -------------------------------------------------------------------    -------------------

Slack:                    inf
  Source:                 seg_sel_reg[5]/C
                            (rising edge-triggered cell FDPE)
  Destination:            seg_sel_reg[6]_lopt_replica/D
  Path Group:             (none)
  Path Type:              Min at Fast Process Corner
  Data Path Delay:        0.271ns  (logic 0.141ns (52.086%)  route 0.130ns (47.914%))
  Logic Levels:           1  (FDPE=1)

    Location             Delay type                Incr(ns)  Path(ns)    Netlist Resource(s)
  -------------------------------------------------------------------    -------------------
    SLICE_X85Y143        FDPE                         0.000     0.000 r  seg_sel_reg[5]/C
    SLICE_X85Y143        FDPE (Prop_fdpe_C_Q)         0.141     0.141 r  seg_sel_reg[5]/Q
                         net (fo=3, routed)           0.130     0.271    seg_sel_OBUF[5]
    SLICE_X85Y142        FDPE                                         r  seg_sel_reg[6]_lopt_replica/D
  -------------------------------------------------------------------    -------------------

Slack:                    inf
  Source:                 seg_sel_reg[3]/C
                            (rising edge-triggered cell FDPE)
  Destination:            seg_sel_reg[4]_lopt_replica/D
  Path Group:             (none)
  Path Type:              Min at Fast Process Corner
  Data Path Delay:        0.292ns  (logic 0.164ns (56.181%)  route 0.128ns (43.819%))
  Logic Levels:           1  (FDPE=1)

    Location             Delay type                Incr(ns)  Path(ns)    Netlist Resource(s)
  -------------------------------------------------------------------    -------------------
    SLICE_X84Y143        FDPE                         0.000     0.000 r  seg_sel_reg[3]/C
    SLICE_X84Y143        FDPE (Prop_fdpe_C_Q)         0.164     0.164 r  seg_sel_reg[3]/Q
                         net (fo=3, routed)           0.128     0.292    seg_sel_OBUF[3]
    SLICE_X85Y144        FDPE                                         r  seg_sel_reg[4]_lopt_replica/D
  -------------------------------------------------------------------    -------------------

Slack:                    inf
  Source:                 seg_sel_reg[0]/C
                            (rising edge-triggered cell FDCE)
  Destination:            seg_sel_reg[1]_lopt_replica/D
  Path Group:             (none)
  Path Type:              Min at Fast Process Corner
  Data Path Delay:        0.293ns  (logic 0.141ns (48.075%)  route 0.152ns (51.925%))
  Logic Levels:           1  (FDCE=1)

    Location             Delay type                Incr(ns)  Path(ns)    Netlist Resource(s)
  -------------------------------------------------------------------    -------------------
    SLICE_X85Y143        FDCE                         0.000     0.000 r  seg_sel_reg[0]/C
    SLICE_X85Y143        FDCE (Prop_fdce_C_Q)         0.141     0.141 r  seg_sel_reg[0]/Q
                         net (fo=5, routed)           0.152     0.293    seg_sel_OBUF[0]
    SLICE_X85Y142        FDPE                                         r  seg_sel_reg[1]_lopt_replica/D
  -------------------------------------------------------------------    -------------------

Slack:                    inf
  Source:                 state_bin_reg[0]/C
                            (rising edge-triggered cell FDCE)
  Destination:            U2/bcd_reg[0]/D
  Path Group:             (none)
  Path Type:              Min at Fast Process Corner
  Data Path Delay:        0.296ns  (logic 0.164ns (55.366%)  route 0.132ns (44.634%))
  Logic Levels:           1  (FDCE=1)

    Location             Delay type                Incr(ns)  Path(ns)    Netlist Resource(s)
  -------------------------------------------------------------------    -------------------
    SLICE_X84Y142        FDCE                         0.000     0.000 r  state_bin_reg[0]/C
    SLICE_X84Y142        FDCE (Prop_fdce_C_Q)         0.164     0.164 r  state_bin_reg[0]/Q
                         net (fo=5, routed)           0.132     0.296    U2/state_bin_reg[0]
    SLICE_X84Y141        FDCE                                         r  U2/bcd_reg[0]/D
  -------------------------------------------------------------------    -------------------

Slack:                    inf
  Source:                 seg_sel_reg[4]/C
                            (rising edge-triggered cell FDPE)
  Destination:            seg_sel_reg[5]/D
  Path Group:             (none)
  Path Type:              Min at Fast Process Corner
  Data Path Delay:        0.303ns  (logic 0.164ns (54.053%)  route 0.139ns (45.947%))
  Logic Levels:           1  (FDPE=1)

    Location             Delay type                Incr(ns)  Path(ns)    Netlist Resource(s)
  -------------------------------------------------------------------    -------------------
    SLICE_X84Y143        FDPE                         0.000     0.000 r  seg_sel_reg[4]/C
    SLICE_X84Y143        FDPE (Prop_fdpe_C_Q)         0.164     0.164 r  seg_sel_reg[4]/Q
                         net (fo=3, routed)           0.139     0.303    seg_sel_OBUF[4]
    SLICE_X85Y143        FDPE                                         r  seg_sel_reg[5]/D
  -------------------------------------------------------------------    -------------------

Slack:                    inf
  Source:                 U1/btn_reg_reg[0]/C
                            (rising edge-triggered cell FDCE)
  Destination:            U1/btn_trig_reg[0]/D
  Path Group:             (none)
  Path Type:              Min at Fast Process Corner
  Data Path Delay:        0.305ns  (logic 0.246ns (80.588%)  route 0.059ns (19.412%))
  Logic Levels:           2  (FDCE=1 LUT2=1)

    Location             Delay type                Incr(ns)  Path(ns)    Netlist Resource(s)
  -------------------------------------------------------------------    -------------------
    SLICE_X84Y139        FDCE                         0.000     0.000 r  U1/btn_reg_reg[0]/C
    SLICE_X84Y139        FDCE (Prop_fdce_C_Q)         0.148     0.148 f  U1/btn_reg_reg[0]/Q
                         net (fo=1, routed)           0.059     0.207    U1/btn_reg
    SLICE_X84Y139        LUT2 (Prop_lut2_I1_O)        0.098     0.305 r  U1/btn_trig[0]_i_1/O
                         net (fo=1, routed)           0.000     0.305    U1/btn_trig[0]_i_1_n_0
    SLICE_X84Y139        FDCE                                         r  U1/btn_trig_reg[0]/D
  -------------------------------------------------------------------    -------------------

Slack:                    inf
  Source:                 seg_sel_reg[7]/C
                            (rising edge-triggered cell FDPE)
  Destination:            seg_sel_reg[0]/D
  Path Group:             (none)
  Path Type:              Min at Fast Process Corner
  Data Path Delay:        0.307ns  (logic 0.141ns (45.913%)  route 0.166ns (54.087%))
  Logic Levels:           1  (FDPE=1)

    Location             Delay type                Incr(ns)  Path(ns)    Netlist Resource(s)
  -------------------------------------------------------------------    -------------------
    SLICE_X85Y143        FDPE                         0.000     0.000 r  seg_sel_reg[7]/C
    SLICE_X85Y143        FDPE (Prop_fdpe_C_Q)         0.141     0.141 r  seg_sel_reg[7]/Q
                         net (fo=3, routed)           0.166     0.307    seg_sel_OBUF[7]
    SLICE_X85Y143        FDCE                                         r  seg_sel_reg[0]/D
  -------------------------------------------------------------------    -------------------

Slack:                    inf
  Source:                 seg_sel_reg[3]/C
                            (rising edge-triggered cell FDPE)
  Destination:            seg_sel_reg[4]/D
  Path Group:             (none)
  Path Type:              Min at Fast Process Corner
  Data Path Delay:        0.352ns  (logic 0.164ns (46.567%)  route 0.188ns (53.433%))
  Logic Levels:           1  (FDPE=1)

    Location             Delay type                Incr(ns)  Path(ns)    Netlist Resource(s)
  -------------------------------------------------------------------    -------------------
    SLICE_X84Y143        FDPE                         0.000     0.000 r  seg_sel_reg[3]/C
    SLICE_X84Y143        FDPE (Prop_fdpe_C_Q)         0.164     0.164 r  seg_sel_reg[3]/Q
                         net (fo=3, routed)           0.188     0.352    seg_sel_OBUF[3]
    SLICE_X84Y143        FDPE                                         r  seg_sel_reg[4]/D
  -------------------------------------------------------------------    -------------------

Slack:                    inf
  Source:                 seg_sel_reg[4]/C
                            (rising edge-triggered cell FDPE)
  Destination:            seg_sel_reg[5]_lopt_replica/D
  Path Group:             (none)
  Path Type:              Min at Fast Process Corner
  Data Path Delay:        0.356ns  (logic 0.164ns (46.032%)  route 0.192ns (53.968%))
  Logic Levels:           1  (FDPE=1)

    Location             Delay type                Incr(ns)  Path(ns)    Netlist Resource(s)
  -------------------------------------------------------------------    -------------------
    SLICE_X84Y143        FDPE                         0.000     0.000 r  seg_sel_reg[4]/C
    SLICE_X84Y143        FDPE (Prop_fdpe_C_Q)         0.164     0.164 r  seg_sel_reg[4]/Q
                         net (fo=3, routed)           0.192     0.356    seg_sel_OBUF[4]
    SLICE_X85Y144        FDPE                                         r  seg_sel_reg[5]_lopt_replica/D
  -------------------------------------------------------------------    -------------------





